MF: initial setting 0
diff_p:33.0107 diff_q:32.343 diff:65.3537 step0 L:175612
diff_p:5.05596 diff_q:6.36298 diff:11.4189 step1 L:105087
diff_p:3.15395 diff_q:3.94935 diff:7.1033 step2 L:77245.7
diff_p:2.33632 diff_q:2.76965 diff:5.10596 step3 L:63190
diff_p:1.87799 diff_q:2.10165 diff:3.97963 step4 L:54886.9
diff_p:1.58797 diff_q:1.68655 diff:3.27452 step5 L:49386.4
diff_p:1.38763 diff_q:1.40797 diff:2.7956 step6 L:45435.5
diff_p:1.24001 diff_q:1.21024 diff:2.45025 step7 L:42428.4
diff_p:1.12597 diff_q:1.0643 diff:2.19027 step8 L:40038.5
diff_p:1.03472 diff_q:0.953519 diff:1.98824 step9 L:38075.2
diff_p:0.95973 diff_q:0.867622 diff:1.82735 step10 L:36419.3
diff_p:0.896825 diff_q:0.799845 diff:1.69667 step11 L:34992.7
diff_p:0.843195 diff_q:0.745543 diff:1.58874 step12 L:33742
diff_p:0.796879 diff_q:0.701429 diff:1.49831 step13 L:32629.5
diff_p:0.756457 diff_q:0.665119 diff:1.42158 step14 L:31627.7
diff_p:0.720874 diff_q:0.634862 diff:1.35574 step15 L:30716.1
diff_p:0.689325 diff_q:0.609354 diff:1.29868 step16 L:29879.2
diff_p:0.661179 diff_q:0.587609 diff:1.24879 step17 L:29104.9
diff_p:0.635934 diff_q:0.568881 diff:1.20481 step18 L:28383.7
diff_p:0.613184 diff_q:0.552593 diff:1.16578 step19 L:27707.9
diff_p:0.592594 diff_q:0.538297 diff:1.13089 step20 L:27071.5
diff_p:0.573883 diff_q:0.525642 diff:1.09953 step21 L:26469.3
diff_p:0.556817 diff_q:0.514347 diff:1.07116 step22 L:25897.2
diff_p:0.541194 diff_q:0.504186 diff:1.04538 step23 L:25351.8
diff_p:0.526841 diff_q:0.494977 diff:1.02182 step24 L:24830.2
diff_p:0.513608 diff_q:0.486567 diff:1.00017 step25 L:24329.8
diff_p:0.501364 diff_q:0.478833 diff:0.980197 step26 L:23848.7
diff_p:0.489994 diff_q:0.471669 diff:0.961664 step27 L:23385
diff_p:0.479399 diff_q:0.464988 diff:0.944388 step28 L:22937.3
diff_p:0.46949 diff_q:0.458715 diff:0.928205 step29 L:22504.3
diff_p:0.460188 diff_q:0.452786 diff:0.912975 step30 L:22084.9
diff_p:0.451425 diff_q:0.447148 diff:0.898573 step31 L:21678.1
diff_p:0.443138 diff_q:0.441754 diff:0.884892 step32 L:21283.1
diff_p:0.435275 diff_q:0.436564 diff:0.871839 step33 L:20899.2
diff_p:0.427788 diff_q:0.431546 diff:0.859334 step34 L:20525.8
diff_p:0.420635 diff_q:0.426671 diff:0.847306 step35 L:20162.4
diff_p:0.413779 diff_q:0.421915 diff:0.835694 step36 L:19808.4
diff_p:0.407189 diff_q:0.417259 diff:0.824447 step37 L:19463.5
diff_p:0.400836 diff_q:0.412684 diff:0.81352 step38 L:19127.2
diff_p:0.394697 diff_q:0.408179 diff:0.802876 step39 L:18799.4
diff_p:0.38875 diff_q:0.403732 diff:0.792482 step40 L:18479.6
diff_p:0.382978 diff_q:0.399334 diff:0.782312 step41 L:18167.7
diff_p:0.377365 diff_q:0.394979 diff:0.772345 step42 L:17863.3
diff_p:0.371899 diff_q:0.390662 diff:0.762561 step43 L:17566.3
diff_p:0.366567 diff_q:0.386379 diff:0.752946 step44 L:17276.4
diff_p:0.361362 diff_q:0.382128 diff:0.74349 step45 L:16993.5
diff_p:0.356274 diff_q:0.377907 diff:0.734181 step46 L:16717.3
diff_p:0.351297 diff_q:0.373717 diff:0.725013 step47 L:16447.8
diff_p:0.346425 diff_q:0.369556 diff:0.715981 step48 L:16184.7
diff_p:0.341654 diff_q:0.365426 diff:0.70708 step49 L:15927.8
diff_p:0.33698 diff_q:0.361328 diff:0.698307 step50 L:15677
error = 15739.3, step = 50
MF: initial setting 1
diff_p:33.2856 diff_q:32.3098 diff:65.5954 step0 L:176633
diff_p:5.05059 diff_q:6.36007 diff:11.4107 step1 L:106502
diff_p:3.15249 diff_q:3.96481 diff:7.1173 step2 L:78544.8
diff_p:2.34526 diff_q:2.7944 diff:5.13965 step3 L:64263.7
diff_p:1.89126 diff_q:2.12807 diff:4.01933 step4 L:55761.9
diff_p:1.60213 diff_q:1.71149 diff:3.31362 step5 L:50107.8
diff_p:1.40149 diff_q:1.43027 diff:2.83176 step6 L:46040.8
diff_p:1.25334 diff_q:1.22961 diff:2.48295 step7 L:42944.6
diff_p:1.13881 diff_q:1.08086 diff:2.21967 step8 L:40485
diff_p:1.04717 diff_q:0.967597 diff:2.01477 step9 L:38465.6
diff_p:0.971876 diff_q:0.879584 diff:1.85146 step10 L:36763.3
diff_p:0.908718 diff_q:0.810055 diff:1.71877 step11 L:35297.6
diff_p:0.854863 diff_q:0.754323 diff:1.60919 step12 L:34013.1
diff_p:0.808328 diff_q:0.709048 diff:1.51738 step13 L:32870.9
diff_p:0.767684 diff_q:0.671795 diff:1.43948 step14 L:31842.6
diff_p:0.731866 diff_q:0.640769 diff:1.37263 step15 L:30907.3
diff_p:0.700065 diff_q:0.614626 diff:1.31469 step16 L:30048.8
diff_p:0.671647 diff_q:0.592354 diff:1.264 step17 L:29254.7
diff_p:0.64611 diff_q:0.573181 diff:1.21929 step18 L:28515.3
diff_p:0.623046 diff_q:0.556512 diff:1.17956 step19 L:27822.9
diff_p:0.602122 diff_q:0.541884 diff:1.14401 step20 L:27171
diff_p:0.583059 diff_q:0.528935 diff:1.11199 step21 L:26554.6
diff_p:0.565622 diff_q:0.517373 diff:1.08299 step22 L:25969.3
diff_p:0.549611 diff_q:0.506967 diff:1.05658 step23 L:25411.7
diff_p:0.534855 diff_q:0.497526 diff:1.03238 step24 L:24878.9
diff_p:0.521207 diff_q:0.488896 diff:1.0101 step25 L:24368.2
diff_p:0.508538 diff_q:0.480949 diff:0.989486 step26 L:23877.6
diff_p:0.496736 diff_q:0.473577 diff:0.970313 step27 L:23405.3
diff_p:0.485703 diff_q:0.466691 diff:0.952394 step28 L:22949.8
diff_p:0.475355 diff_q:0.460216 diff:0.93557 step29 L:22509.7
diff_p:0.465614 diff_q:0.454088 diff:0.919702 step30 L:22083.9
diff_p:0.456416 diff_q:0.448253 diff:0.904668 step31 L:21671.4
diff_p:0.447701 diff_q:0.442666 diff:0.890366 step32 L:21271.3
diff_p:0.439418 diff_q:0.437288 diff:0.876706 step33 L:20883
diff_p:0.431522 diff_q:0.432087 diff:0.86361 step34 L:20505.8
diff_p:0.423974 diff_q:0.427036 diff:0.85101 step35 L:20139.1
diff_p:0.416739 diff_q:0.422112 diff:0.838851 step36 L:19782.3
diff_p:0.409787 diff_q:0.417295 diff:0.827082 step37 L:19435.1
diff_p:0.403091 diff_q:0.41257 diff:0.815661 step38 L:19097
diff_p:0.396628 diff_q:0.407924 diff:0.804552 step39 L:18767.8
diff_p:0.390378 diff_q:0.403347 diff:0.793726 step40 L:18446.9
diff_p:0.384323 diff_q:0.398831 diff:0.783155 step41 L:18134.2
diff_p:0.378449 diff_q:0.394369 diff:0.772818 step42 L:17829.4
diff_p:0.372741 diff_q:0.389956 diff:0.762697 step43 L:17532.3
diff_p:0.367189 diff_q:0.385588 diff:0.752777 step44 L:17242.5
diff_p:0.361783 diff_q:0.381263 diff:0.743046 step45 L:16959.8
diff_p:0.356513 diff_q:0.376979 diff:0.733492 step46 L:16684.1
diff_p:0.351373 diff_q:0.372735 diff:0.724107 step47 L:16415.2
diff_p:0.346355 diff_q:0.36853 diff:0.714885 step48 L:16152.9
diff_p:0.341454 diff_q:0.364364 diff:0.705818 step49 L:15896.9
diff_p:0.336665 diff_q:0.360238 diff:0.696903 step50 L:15647.1
error = 15709, step = 50
MF: initial setting 2
diff_p:33.1763 diff_q:32.1199 diff:65.2962 step0 L:177522
diff_p:5.03685 diff_q:6.41261 diff:11.4495 step1 L:106920
diff_p:3.1334 diff_q:3.99412 diff:7.12752 step2 L:78904.7
diff_p:2.33678 diff_q:2.81127 diff:5.14805 step3 L:64595.9
diff_p:1.89221 diff_q:2.14016 diff:4.03236 step4 L:56051.8
diff_p:1.60917 diff_q:1.72179 diff:3.33097 step5 L:50346.3
diff_p:1.41194 diff_q:1.43976 diff:2.85171 step6 L:46226.6
diff_p:1.26543 diff_q:1.23845 diff:2.50388 step7 L:43080.9
diff_p:1.15148 diff_q:1.08894 diff:2.24043 step8 L:40576.9
diff_p:1.05981 diff_q:0.974777 diff:2.03459 step9 L:38518.6
diff_p:0.984151 diff_q:0.885791 diff:1.86994 step10 L:36782.9
diff_p:0.920456 diff_q:0.815293 diff:1.73575 step11 L:35288.4
diff_p:0.865993 diff_q:0.758657 diff:1.62465 step12 L:33979.3
diff_p:0.818839 diff_q:0.71258 diff:1.53142 step13 L:32815.8
diff_p:0.777598 diff_q:0.674641 diff:1.45224 step14 L:31769.2
diff_p:0.741226 diff_q:0.643045 diff:1.38427 step15 L:30817.8
diff_p:0.70892 diff_q:0.616438 diff:1.32536 step16 L:29945.2
diff_p:0.680051 diff_q:0.593792 diff:1.27384 step17 L:29138.6
diff_p:0.654115 diff_q:0.574322 diff:1.22844 step18 L:28388.1
diff_p:0.630702 diff_q:0.557418 diff:1.18812 step19 L:27685.4
diff_p:0.609473 diff_q:0.542603 diff:1.15208 step20 L:27024.3
diff_p:0.590145 diff_q:0.529503 diff:1.11965 step21 L:26399.3
diff_p:0.572476 diff_q:0.517819 diff:1.0903 step22 L:25806.1
diff_p:0.556263 diff_q:0.507311 diff:1.06357 step23 L:25241.1
diff_p:0.541329 diff_q:0.497782 diff:1.03911 step24 L:24701.3
diff_p:0.52752 diff_q:0.489072 diff:1.01659 step25 L:24184.1
diff_p:0.514705 diff_q:0.481049 diff:0.995754 step26 L:23687.4
diff_p:0.502767 diff_q:0.473603 diff:0.97637 step27 L:23209.3
diff_p:0.491604 diff_q:0.466641 diff:0.958246 step28 L:22748.3
diff_p:0.481129 diff_q:0.460087 diff:0.941216 step29 L:22303
diff_p:0.471262 diff_q:0.453875 diff:0.925137 step30 L:21872.3
diff_p:0.461936 diff_q:0.447951 diff:0.909886 step31 L:21455.2
diff_p:0.453089 diff_q:0.442267 diff:0.895356 step32 L:21050.9
diff_p:0.44467 diff_q:0.436786 diff:0.881456 step33 L:20658.5
diff_p:0.436633 diff_q:0.431474 diff:0.868107 step34 L:20277.6
diff_p:0.428937 diff_q:0.426306 diff:0.855243 step35 L:19907.4
diff_p:0.421548 diff_q:0.421258 diff:0.842805 step36 L:19547.5
diff_p:0.414435 diff_q:0.416311 diff:0.830746 step37 L:19197.5
diff_p:0.407571 diff_q:0.411452 diff:0.819023 step38 L:18856.8
diff_p:0.400935 diff_q:0.406667 diff:0.807603 step39 L:18525.3
diff_p:0.394507 diff_q:0.401949 diff:0.796455 step40 L:18202.5
diff_p:0.388269 diff_q:0.397288 diff:0.785557 step41 L:17888.2
diff_p:0.382208 diff_q:0.39268 diff:0.774888 step42 L:17582
diff_p:0.376311 diff_q:0.38812 diff:0.764431 step43 L:17283.8
diff_p:0.370567 diff_q:0.383606 diff:0.754173 step44 L:16993.2
diff_p:0.364967 diff_q:0.379137 diff:0.744104 step45 L:16710
diff_p:0.359504 diff_q:0.37471 diff:0.734214 step46 L:16434.1
diff_p:0.35417 diff_q:0.370326 diff:0.724496 step47 L:16165.1
diff_p:0.348959 diff_q:0.365985 diff:0.714945 step48 L:15903
diff_p:0.343868 diff_q:0.361688 diff:0.705556 step49 L:15647.5
diff_p:0.33889 diff_q:0.357435 diff:0.696325 step50 L:15398.4
error = 15460.5, step = 50
MF: initial setting 3
diff_p:32.9533 diff_q:32.0052 diff:64.9585 step0 L:178891
diff_p:5.12142 diff_q:6.41598 diff:11.5374 step1 L:107274
diff_p:3.17925 diff_q:4.01363 diff:7.19288 step2 L:78808
diff_p:2.36079 diff_q:2.82862 diff:5.18941 step3 L:64304.6
diff_p:1.90426 diff_q:2.14959 diff:4.05385 step4 L:55690.9
diff_p:1.61408 diff_q:1.72354 diff:3.33762 step5 L:49976.4
diff_p:1.41229 diff_q:1.43606 diff:2.84835 step6 L:45875.3
diff_p:1.26274 diff_q:1.23163 diff:2.49437 step7 L:42759.2
diff_p:1.14671 diff_q:1.08077 diff:2.22748 step8 L:40287.8
diff_p:1.05361 diff_q:0.966375 diff:2.01998 step9 L:38261.4
diff_p:0.976949 diff_q:0.877788 diff:1.85474 step10 L:36555.6
diff_p:0.912564 diff_q:0.807979 diff:1.72054 step11 L:35088.5
diff_p:0.857629 diff_q:0.752121 diff:1.60975 step12 L:33804.3
diff_p:0.81016 diff_q:0.706796 diff:1.51696 step13 L:32663.6
diff_p:0.768715 diff_q:0.669535 diff:1.43825 step14 L:31637.9
diff_p:0.732219 diff_q:0.63852 diff:1.37074 step15 L:30705.8
diff_p:0.699848 diff_q:0.6124 diff:1.31225 step16 L:29851
diff_p:0.670957 diff_q:0.590158 diff:1.26111 step17 L:29061.1
diff_p:0.64503 diff_q:0.571018 diff:1.21605 step18 L:28326.1
diff_p:0.62165 diff_q:0.554384 diff:1.17603 step19 L:27638.1
diff_p:0.600473 diff_q:0.539792 diff:1.14027 step20 L:26990.9
diff_p:0.581213 diff_q:0.526877 diff:1.10809 step21 L:26379.1
diff_p:0.563627 diff_q:0.51535 diff:1.07898 step22 L:25798.6
diff_p:0.547509 diff_q:0.504977 diff:1.05249 step23 L:25245.6
diff_p:0.532683 diff_q:0.495569 diff:1.02825 step24 L:24717.2
diff_p:0.518996 diff_q:0.486971 diff:1.00597 step25 L:24210.9
diff_p:0.506315 diff_q:0.479055 diff:0.98537 step26 L:23724.6
diff_p:0.494524 diff_q:0.471715 diff:0.966239 step27 L:23256.5
diff_p:0.483522 diff_q:0.46486 diff:0.948382 step28 L:22805
diff_p:0.47322 diff_q:0.458415 diff:0.931636 step29 L:22368.7
diff_p:0.46354 diff_q:0.452318 diff:0.915858 step30 L:21946.6
diff_p:0.454412 diff_q:0.446513 diff:0.900924 step31 L:21537.7
diff_p:0.445775 diff_q:0.440954 diff:0.88673 step32 L:21141
diff_p:0.437577 diff_q:0.435604 diff:0.873181 step33 L:20755.9
diff_p:0.429769 diff_q:0.430429 diff:0.860198 step34 L:20381.7
diff_p:0.422311 diff_q:0.4254 diff:0.847712 step35 L:20017.9
diff_p:0.415167 diff_q:0.420496 diff:0.835663 step36 L:19663.9
diff_p:0.408304 diff_q:0.415696 diff:0.824001 step37 L:19319.4
diff_p:0.401696 diff_q:0.410985 diff:0.812681 step38 L:18983.8
diff_p:0.395317 diff_q:0.40635 diff:0.801667 step39 L:18657
diff_p:0.389148 diff_q:0.401779 diff:0.790926 step40 L:18338.4
diff_p:0.383169 diff_q:0.397265 diff:0.780434 step41 L:18028
diff_p:0.377366 diff_q:0.392801 diff:0.770167 step42 L:17725.3
diff_p:0.371725 diff_q:0.388383 diff:0.760108 step43 L:17430.2
diff_p:0.366235 diff_q:0.384006 diff:0.750241 step44 L:17142.4
diff_p:0.360885 diff_q:0.379669 diff:0.740554 step45 L:16861.6
diff_p:0.355668 diff_q:0.37537 diff:0.731038 step46 L:16587.8
diff_p:0.350575 diff_q:0.371108 diff:0.721683 step47 L:16320.8
diff_p:0.3456 diff_q:0.366884 diff:0.712484 step48 L:16060.2
diff_p:0.340738 diff_q:0.362697 diff:0.703435 step49 L:15806
diff_p:0.335984 diff_q:0.358549 diff:0.694533 step50 L:15557.9
error = 15619.8, step = 50
MF: initial setting 4
diff_p:33.2991 diff_q:32.3787 diff:65.6778 step0 L:180079
diff_p:5.08458 diff_q:6.45084 diff:11.5354 step1 L:108346
diff_p:3.1861 diff_q:4.02709 diff:7.21319 step2 L:79649.4
diff_p:2.37199 diff_q:2.83738 diff:5.20937 step3 L:64989.9
diff_p:1.91193 diff_q:2.15755 diff:4.06947 step4 L:56279.3
diff_p:1.618 diff_q:1.7309 diff:3.34889 step5 L:50505.6
diff_p:1.41361 diff_q:1.44223 diff:2.85584 step6 L:46369.4
diff_p:1.26253 diff_q:1.23621 diff:2.49874 step7 L:43233.5
diff_p:1.14574 diff_q:1.08371 diff:2.22945 step8 L:40751.9
diff_p:1.05234 diff_q:0.967893 diff:2.02023 step9 L:38721.1
diff_p:0.975676 diff_q:0.87821 diff:1.85389 step10 L:37013.9
diff_p:0.911447 diff_q:0.807635 diff:1.71908 step11 L:35547.2
diff_p:0.856752 diff_q:0.751292 diff:1.60804 step12 L:34264.2
diff_p:0.809561 diff_q:0.705697 diff:1.51526 step13 L:33124.9
diff_p:0.768407 diff_q:0.668318 diff:1.43672 step14 L:32100.4
diff_p:0.7322 diff_q:0.637289 diff:1.36949 step15 L:31169.2
diff_p:0.70011 diff_q:0.611222 diff:1.31133 step16 L:30315.1
diff_p:0.671489 diff_q:0.589075 diff:1.26056 step17 L:29525.4
diff_p:0.645821 diff_q:0.570056 diff:1.21588 step18 L:28790.2
diff_p:0.62269 diff_q:0.553561 diff:1.17625 step19 L:28101.8
diff_p:0.601752 diff_q:0.539119 diff:1.14087 step20 L:27453.6
diff_p:0.582723 diff_q:0.526365 diff:1.10909 step21 L:26840.6
diff_p:0.565362 diff_q:0.515006 diff:1.08037 step22 L:26258.5
diff_p:0.549463 diff_q:0.504809 diff:1.05427 step23 L:25703.5
diff_p:0.53485 diff_q:0.495584 diff:1.03043 step24 L:25172.9
diff_p:0.521371 diff_q:0.487176 diff:1.00855 step25 L:24664.1
diff_p:0.508894 diff_q:0.479456 diff:0.98835 step26 L:24174.9
diff_p:0.497303 diff_q:0.472316 diff:0.969618 step27 L:23703.6
diff_p:0.486495 diff_q:0.465666 diff:0.952161 step28 L:23248.6
diff_p:0.476382 diff_q:0.459429 diff:0.935811 step29 L:22808.5
diff_p:0.466885 diff_q:0.453541 diff:0.920425 step30 L:22382.4
diff_p:0.457934 diff_q:0.447946 diff:0.905879 step31 L:21969.1
diff_p:0.449468 diff_q:0.442597 diff:0.892064 step32 L:21567.8
diff_p:0.441433 diff_q:0.437453 diff:0.878886 step33 L:21177.9
diff_p:0.433781 diff_q:0.432482 diff:0.866263 step34 L:20798.6
diff_p:0.426471 diff_q:0.427653 diff:0.854124 step35 L:20429.5
diff_p:0.419466 diff_q:0.422942 diff:0.842409 step36 L:20070.1
diff_p:0.412734 diff_q:0.41833 diff:0.831064 step37 L:19719.8
diff_p:0.406247 diff_q:0.413798 diff:0.820045 step38 L:19378.4
diff_p:0.39998 diff_q:0.409334 diff:0.809314 step39 L:19045.5
diff_p:0.393914 diff_q:0.404925 diff:0.798839 step40 L:18720.9
diff_p:0.388028 diff_q:0.400563 diff:0.788592 step41 L:18404.1
diff_p:0.382309 diff_q:0.396242 diff:0.77855 step42 L:18095.1
diff_p:0.376742 diff_q:0.391955 diff:0.768696 step43 L:17793.5
diff_p:0.371316 diff_q:0.387699 diff:0.759014 step44 L:17499.2
diff_p:0.366021 diff_q:0.383471 diff:0.749492 step45 L:17212
diff_p:0.360848 diff_q:0.379271 diff:0.740119 step46 L:16931.6
diff_p:0.355792 diff_q:0.375097 diff:0.730888 step47 L:16657.9
diff_p:0.350845 diff_q:0.370949 diff:0.721793 step48 L:16390.8
diff_p:0.346002 diff_q:0.366828 diff:0.712829 step49 L:16129.9
diff_p:0.341259 diff_q:0.362735 diff:0.703993 step50 L:15875.3
diff_p:0.336612 diff_q:0.35867 diff:0.695282 step51 L:15626.8
error = 15688.8, step = 51
roctxtFile successfully  renamed
/home/af20036/seminar/codes/../../RESULT/MF/MF_movie100k40000/48_0.01_0.001/ROC/choice/MFROC40000_0sort.txt
MF: initial setting 0
diff_p:33.0335 diff_q:32.2825 diff:65.3159 step0 L:175594
diff_p:5.05255 diff_q:6.35493 diff:11.4075 step1 L:105178
diff_p:3.15187 diff_q:3.94735 diff:7.09921 step2 L:77367.7
diff_p:2.3374 diff_q:2.77 diff:5.1074 step3 L:63312.1
diff_p:1.88219 diff_q:2.10056 diff:3.98274 step4 L:55004.4
diff_p:1.59341 diff_q:1.68332 diff:3.27673 step5 L:49502.7
diff_p:1.39326 diff_q:1.4031 diff:2.79636 step6 L:45553.9
diff_p:1.24556 diff_q:1.2045 diff:2.45006 step7 L:42549.8
diff_p:1.1315 diff_q:1.05838 diff:2.18988 step8 L:40162.4
diff_p:1.04035 diff_q:0.947885 diff:1.98824 step9 L:38199.8
diff_p:0.96556 diff_q:0.862534 diff:1.82809 step10 L:36542.9
diff_p:0.902886 diff_q:0.795402 diff:1.69829 step11 L:35113.5
diff_p:0.849485 diff_q:0.741742 diff:1.59123 step12 L:33858.8
diff_p:0.80337 diff_q:0.698205 diff:1.50157 step13 L:32741.1
diff_p:0.763109 diff_q:0.662387 diff:1.4255 step14 L:31733.4
diff_p:0.727642 diff_q:0.632535 diff:1.36018 step15 L:30815.5
diff_p:0.696163 diff_q:0.60735 diff:1.30351 step16 L:29972.1
diff_p:0.668048 diff_q:0.585866 diff:1.25391 step17 L:29191.1
diff_p:0.642797 diff_q:0.567346 diff:1.21014 step18 L:28463.2
diff_p:0.62001 diff_q:0.551227 diff:1.17124 step19 L:27780.8
diff_p:0.599355 diff_q:0.537072 diff:1.13643 step20 L:27137.9
diff_p:0.580558 diff_q:0.524535 diff:1.10509 step21 L:26529.4
diff_p:0.563385 diff_q:0.513341 diff:1.07673 step22 L:25951.2
diff_p:0.547638 diff_q:0.503269 diff:1.05091 step23 L:25399.9
diff_p:0.533146 diff_q:0.494135 diff:1.02728 step24 L:24872.5
diff_p:0.519761 diff_q:0.485791 diff:1.00555 step25 L:24366.7
diff_p:0.507352 diff_q:0.478112 diff:0.985464 step26 L:23880.3
diff_p:0.495807 diff_q:0.470992 diff:0.9668 step27 L:23411.6
diff_p:0.485026 diff_q:0.464344 diff:0.94937 step28 L:22959.2
diff_p:0.474921 diff_q:0.458093 diff:0.933014 step29 L:22521.7
diff_p:0.465414 diff_q:0.452175 diff:0.917588 step30 L:22098
diff_p:0.456437 diff_q:0.446536 diff:0.902972 step31 L:21687.2
diff_p:0.447929 diff_q:0.44113 diff:0.889059 step32 L:21288.5
diff_p:0.439838 diff_q:0.435919 diff:0.875757 step33 L:20901.2
diff_p:0.432118 diff_q:0.430869 diff:0.862987 step34 L:20524.7
diff_p:0.424727 diff_q:0.425953 diff:0.85068 step35 L:20158.3
diff_p:0.417631 diff_q:0.421149 diff:0.83878 step36 L:19801.8
diff_p:0.410798 diff_q:0.416437 diff:0.827235 step37 L:19454.6
diff_p:0.404203 diff_q:0.411802 diff:0.816005 step38 L:19116.3
diff_p:0.397823 diff_q:0.407232 diff:0.805055 step39 L:18786.7
diff_p:0.391637 diff_q:0.402717 diff:0.794354 step40 L:18465.5
diff_p:0.38563 diff_q:0.39825 diff:0.78388 step41 L:18152.3
diff_p:0.379788 diff_q:0.393825 diff:0.773613 step42 L:17847
diff_p:0.374098 diff_q:0.389438 diff:0.763536 step43 L:17549.2
diff_p:0.368551 diff_q:0.385087 diff:0.753638 step44 L:17258.8
diff_p:0.363138 diff_q:0.38077 diff:0.743908 step45 L:16975.6
diff_p:0.357851 diff_q:0.376487 diff:0.734338 step46 L:16699.4
diff_p:0.352686 diff_q:0.372237 diff:0.724923 step47 L:16429.9
diff_p:0.347635 diff_q:0.368022 diff:0.715657 step48 L:16167
diff_p:0.342696 diff_q:0.363841 diff:0.706537 step49 L:15910.5
diff_p:0.337863 diff_q:0.359697 diff:0.69756 step50 L:15660.3
error = 15722.4, step = 50
MF: initial setting 1
diff_p:33.29 diff_q:32.2077 diff:65.4978 step0 L:177773
diff_p:5.07974 diff_q:6.40411 diff:11.4838 step1 L:106524
diff_p:3.16306 diff_q:3.98534 diff:7.1484 step2 L:78271.3
diff_p:2.34376 diff_q:2.79907 diff:5.14283 step3 L:63965.6
diff_p:1.8872 diff_q:2.1232 diff:4.01039 step4 L:55507.3
diff_p:1.59795 diff_q:1.7013 diff:3.29925 step5 L:49909.1
diff_p:1.39752 diff_q:1.41745 diff:2.81497 step6 L:45895.5
diff_p:1.24958 diff_q:1.21591 diff:2.46549 step7 L:42846.2
diff_p:1.13531 diff_q:1.06738 diff:2.20268 step8 L:40426.3
diff_p:1.04398 diff_q:0.954954 diff:1.99893 step9 L:38439.7
diff_p:0.969019 diff_q:0.868086 diff:1.8371 step10 L:36764.4
diff_p:0.9062 diff_q:0.799777 diff:1.70598 step11 L:35320.8
diff_p:0.852664 diff_q:0.74521 diff:1.59787 step12 L:34054.4
diff_p:0.806416 diff_q:0.700975 diff:1.50739 step13 L:32927.3
diff_p:0.766021 diff_q:0.664617 diff:1.43064 step14 L:31911.6
diff_p:0.730417 diff_q:0.63434 diff:1.36476 step15 L:30987
diff_p:0.698795 diff_q:0.608821 diff:1.30762 step16 L:30137.7
diff_p:0.670529 diff_q:0.587067 diff:1.2576 step17 L:29351.7
diff_p:0.645123 diff_q:0.568328 diff:1.21345 step18 L:28619.5
diff_p:0.622175 diff_q:0.55203 diff:1.17421 step19 L:27933.4
diff_p:0.601356 diff_q:0.537727 diff:1.13908 step20 L:27287.2
diff_p:0.582393 diff_q:0.525069 diff:1.10746 step21 L:26675.9
diff_p:0.565054 diff_q:0.513777 diff:1.07883 step22 L:26095.3
diff_p:0.549143 diff_q:0.503626 diff:1.05277 step23 L:25541.9
diff_p:0.534492 diff_q:0.494432 diff:1.02892 step24 L:25012.7
diff_p:0.520955 diff_q:0.486045 diff:1.007 step25 L:24505.4
diff_p:0.508403 diff_q:0.478339 diff:0.986743 step26 L:24017.7
diff_p:0.496727 diff_q:0.471209 diff:0.967937 step27 L:23547.9
diff_p:0.485828 diff_q:0.464567 diff:0.950395 step28 L:23094.5
diff_p:0.47562 diff_q:0.458336 diff:0.933957 step29 L:22656.1
diff_p:0.466027 diff_q:0.452454 diff:0.918482 step30 L:22231.6
diff_p:0.456982 diff_q:0.446866 diff:0.903848 step31 L:21820.1
diff_p:0.448425 diff_q:0.441525 diff:0.88995 step32 L:21420.7
diff_p:0.440303 diff_q:0.436392 diff:0.876696 step33 L:21032.6
diff_p:0.432571 diff_q:0.431434 diff:0.864004 step34 L:20655.3
diff_p:0.425186 diff_q:0.42662 diff:0.851806 step35 L:20288.1
diff_p:0.418113 diff_q:0.421928 diff:0.840042 step36 L:19930.6
diff_p:0.411321 diff_q:0.417338 diff:0.828659 step37 L:19582.3
diff_p:0.404781 diff_q:0.412831 diff:0.817612 step38 L:19242.8
diff_p:0.398469 diff_q:0.408396 diff:0.806865 step39 L:18911.9
diff_p:0.392364 diff_q:0.404019 diff:0.796383 step40 L:18589.1
diff_p:0.386448 diff_q:0.399693 diff:0.78614 step41 L:18274.3
diff_p:0.380704 diff_q:0.39541 diff:0.776113 step42 L:17967.1
diff_p:0.375118 diff_q:0.391165 diff:0.766283 step43 L:17667.3
diff_p:0.36968 diff_q:0.386954 diff:0.756634 step44 L:17374.8
diff_p:0.364378 diff_q:0.382774 diff:0.747152 step45 L:17089.2
diff_p:0.359204 diff_q:0.378624 diff:0.737828 step46 L:16810.5
diff_p:0.35415 diff_q:0.374502 diff:0.728653 step47 L:16538.4
diff_p:0.34921 diff_q:0.37041 diff:0.71962 step48 L:16272.8
diff_p:0.344378 diff_q:0.366346 diff:0.710724 step49 L:16013.4
diff_p:0.339649 diff_q:0.362312 diff:0.701961 step50 L:15760.2
diff_p:0.33502 diff_q:0.358308 diff:0.693328 step51 L:15513
error = 15574.9, step = 51
MF: initial setting 2
diff_p:33.1975 diff_q:32.02 diff:65.2176 step0 L:178602
diff_p:5.04835 diff_q:6.43391 diff:11.4823 step1 L:107460
diff_p:3.14508 diff_q:4.01843 diff:7.1635 step2 L:79150.5
diff_p:2.34574 diff_q:2.83165 diff:5.17738 step3 L:64689.2
diff_p:1.89978 diff_q:2.15353 diff:4.05331 step4 L:56069.3
diff_p:1.61468 diff_q:1.72862 diff:3.3433 step5 L:50332.2
diff_p:1.4151 diff_q:1.44173 diff:2.85683 step6 L:46205.4
diff_p:1.26653 diff_q:1.23737 diff:2.5039 step7 L:43065.2
diff_p:1.15103 diff_q:1.0863 diff:2.23733 step8 L:40572
diff_p:1.05829 diff_q:0.971609 diff:2.0299 step9 L:38526
diff_p:0.981938 diff_q:0.882731 diff:1.86467 step10 L:36802.1
diff_p:0.917818 diff_q:0.812659 diff:1.73048 step11 L:35318.3
diff_p:0.863104 diff_q:0.756559 diff:1.61966 step12 L:34018.4
diff_p:0.815807 diff_q:0.710999 diff:1.52681 step13 L:32863
diff_p:0.774486 diff_q:0.673497 diff:1.44798 step14 L:31823.4
diff_p:0.738066 diff_q:0.642233 diff:1.3803 step15 L:30878.2
diff_p:0.705726 diff_q:0.615853 diff:1.32158 step16 L:30011.2
diff_p:0.676827 diff_q:0.593342 diff:1.27017 step17 L:29209.9
diff_p:0.650859 diff_q:0.573927 diff:1.22479 step18 L:28464.2
diff_p:0.627408 diff_q:0.557015 diff:1.18442 step19 L:27766.3
diff_p:0.606135 diff_q:0.542143 diff:1.14828 step20 L:27109.9
diff_p:0.586755 diff_q:0.528948 diff:1.1157 step21 L:26489.6
diff_p:0.569028 diff_q:0.517138 diff:1.08617 step22 L:25901.2
diff_p:0.552752 diff_q:0.506482 diff:1.05923 step23 L:25341.1
diff_p:0.53775 diff_q:0.496787 diff:1.03454 step24 L:24806.2
diff_p:0.523871 diff_q:0.487899 diff:1.01177 step25 L:24294.1
diff_p:0.510985 diff_q:0.479689 diff:0.990674 step26 L:23802.6
diff_p:0.498976 diff_q:0.472049 diff:0.971025 step27 L:23329.9
diff_p:0.487744 diff_q:0.464891 diff:0.952635 step28 L:22874.4
diff_p:0.477203 diff_q:0.458138 diff:0.935341 step29 L:22434.7
diff_p:0.467276 diff_q:0.451729 diff:0.919005 step30 L:22009.8
diff_p:0.457895 diff_q:0.445612 diff:0.903507 step31 L:21598.7
diff_p:0.449003 diff_q:0.439741 diff:0.888743 step32 L:21200.4
diff_p:0.440547 diff_q:0.43408 diff:0.874627 step33 L:20814.2
diff_p:0.432484 diff_q:0.428599 diff:0.861083 step34 L:20439.5
diff_p:0.424774 diff_q:0.423273 diff:0.848047 step35 L:20075.6
diff_p:0.417384 diff_q:0.41808 diff:0.835464 step36 L:19722.1
diff_p:0.410283 diff_q:0.413005 diff:0.823288 step37 L:19378.4
diff_p:0.403447 diff_q:0.408032 diff:0.811479 step38 L:19044.1
diff_p:0.396853 diff_q:0.403152 diff:0.800005 step39 L:18718.8
diff_p:0.390482 diff_q:0.398355 diff:0.788837 step40 L:18402.3
diff_p:0.384317 diff_q:0.393635 diff:0.777953 step41 L:18094.1
diff_p:0.378344 diff_q:0.388987 diff:0.767331 step42 L:17793.9
diff_p:0.372549 diff_q:0.384406 diff:0.756955 step43 L:17501.6
diff_p:0.366921 diff_q:0.37989 diff:0.746811 step44 L:17216.7
diff_p:0.361451 diff_q:0.375436 diff:0.736888 step45 L:16939.1
diff_p:0.35613 diff_q:0.371044 diff:0.727174 step46 L:16668.5
diff_p:0.35095 diff_q:0.366711 diff:0.717661 step47 L:16404.7
diff_p:0.345904 diff_q:0.362437 diff:0.708341 step48 L:16147.5
diff_p:0.340986 diff_q:0.358223 diff:0.699208 step49 L:15896.7
diff_p:0.336189 diff_q:0.354066 diff:0.690255 step50 L:15652
error = 15713.8, step = 50
MF: initial setting 3
diff_p:32.9805 diff_q:31.9823 diff:64.9628 step0 L:179794
diff_p:5.11638 diff_q:6.41894 diff:11.5353 step1 L:108060
diff_p:3.18289 diff_q:4.02774 diff:7.21063 step2 L:79409.1
diff_p:2.37012 diff_q:2.84613 diff:5.21624 step3 L:64742
diff_p:1.91625 diff_q:2.16454 diff:4.08079 step4 L:56010
diff_p:1.62552 diff_q:1.73417 diff:3.35969 step5 L:50218.9
diff_p:1.42171 diff_q:1.44253 diff:2.86425 step6 L:46071.9
diff_p:1.26991 diff_q:1.23478 diff:2.50469 step7 L:42930.2
diff_p:1.1519 diff_q:1.08156 diff:2.23346 step8 L:40445.7
diff_p:1.0572 diff_q:0.965647 diff:2.02285 step9 L:38413.7
diff_p:0.979311 diff_q:0.876187 diff:1.8555 step10 L:36706.5
diff_p:0.913977 diff_q:0.805945 diff:1.71992 step11 L:35240.4
diff_p:0.85831 diff_q:0.749925 diff:1.60824 step12 L:33958.7
diff_p:0.810273 diff_q:0.70459 diff:1.51486 step13 L:32821.2
diff_p:0.768385 diff_q:0.667389 diff:1.43577 step14 L:31799.1
diff_p:0.731543 diff_q:0.636461 diff:1.368 step15 L:30870.7
diff_p:0.698905 diff_q:0.610432 diff:1.30934 step16 L:30019.8
diff_p:0.669813 diff_q:0.588274 diff:1.25809 step17 L:29233.7
diff_p:0.643741 diff_q:0.569211 diff:1.21295 step18 L:28502.5
diff_p:0.620267 diff_q:0.55265 diff:1.17292 step19 L:27818.3
diff_p:0.59904 diff_q:0.538132 diff:1.13717 step20 L:27174.6
diff_p:0.579769 diff_q:0.525295 diff:1.10506 step21 L:26566.3
diff_p:0.56221 diff_q:0.513853 diff:1.07606 step22 L:25988.9
diff_p:0.546152 diff_q:0.503577 diff:1.04973 step23 L:25438.9
diff_p:0.531417 diff_q:0.494279 diff:1.0257 step24 L:24913.2
diff_p:0.517848 diff_q:0.485804 diff:1.00365 step25 L:24409.3
diff_p:0.505311 diff_q:0.478025 diff:0.983336 step26 L:23925
diff_p:0.493686 diff_q:0.470835 diff:0.964521 step27 L:23458.6
diff_p:0.48287 diff_q:0.464143 diff:0.947013 step28 L:23008.4
diff_p:0.472771 diff_q:0.457872 diff:0.930642 step29 L:22573
diff_p:0.463307 diff_q:0.451957 diff:0.915264 step30 L:22151.5
diff_p:0.454407 diff_q:0.446342 diff:0.900749 step31 L:21742.7
diff_p:0.446008 diff_q:0.440979 diff:0.886987 step32 L:21345.8
diff_p:0.438053 diff_q:0.435828 diff:0.873881 step33 L:20960.1
diff_p:0.430492 diff_q:0.430854 diff:0.861346 step34 L:20585
diff_p:0.423283 diff_q:0.426026 diff:0.849309 step35 L:20219.8
diff_p:0.416386 diff_q:0.42132 diff:0.837706 step36 L:19864
diff_p:0.409767 diff_q:0.416715 diff:0.826482 step37 L:19517.4
diff_p:0.403398 diff_q:0.412192 diff:0.81559 step38 L:19179.4
diff_p:0.397251 diff_q:0.407738 diff:0.804988 step39 L:18849.8
diff_p:0.391305 diff_q:0.40334 diff:0.794644 step40 L:18528.3
diff_p:0.385539 diff_q:0.398989 diff:0.784527 step41 L:18214.5
diff_p:0.379937 diff_q:0.394677 diff:0.774614 step42 L:17908.4
diff_p:0.374486 diff_q:0.390399 diff:0.764885 step43 L:17609.5
diff_p:0.369171 diff_q:0.386151 diff:0.755322 step44 L:17317.8
diff_p:0.363983 diff_q:0.38193 diff:0.745913 step45 L:17033
diff_p:0.358912 diff_q:0.377735 diff:0.736647 step46 L:16754.9
diff_p:0.353952 diff_q:0.373564 diff:0.727516 step47 L:16483.5
diff_p:0.349096 diff_q:0.369417 diff:0.718513 step48 L:16218.5
diff_p:0.344337 diff_q:0.365296 diff:0.709633 step49 L:15959.7
diff_p:0.339673 diff_q:0.361201 diff:0.700873 step50 L:15707.1
diff_p:0.335098 diff_q:0.357133 diff:0.692231 step51 L:15460.5
error = 15522.1, step = 51
MF: initial setting 4
diff_p:33.2585 diff_q:32.2989 diff:65.5573 step0 L:181307
diff_p:5.12813 diff_q:6.46375 diff:11.5919 step1 L:108697
diff_p:3.22079 diff_q:4.0527 diff:7.27348 step2 L:79474.7
diff_p:2.39174 diff_q:2.85652 diff:5.24826 step3 L:64588.7
diff_p:1.92313 diff_q:2.16618 diff:4.08931 step4 L:55798.5
diff_p:1.62367 diff_q:1.731 diff:3.35467 step5 L:50012.6
diff_p:1.41535 diff_q:1.43669 diff:2.85204 step6 L:45893.9
diff_p:1.26154 diff_q:1.22748 diff:2.48903 step7 L:42787.2
diff_p:1.14297 diff_q:1.07358 diff:2.21655 step8 L:40337.5
diff_p:1.0485 diff_q:0.95752 diff:2.00602 step9 L:38337.4
diff_p:0.971265 diff_q:0.868247 diff:1.83951 step10 L:36658.2
diff_p:0.906789 diff_q:0.798389 diff:1.70518 step11 L:35216.2
diff_p:0.852052 diff_q:0.742848 diff:1.5949 step12 L:33954.8
diff_p:0.804935 diff_q:0.698018 diff:1.50295 step13 L:32834.4
diff_p:0.763916 diff_q:0.661307 diff:1.42522 step14 L:31826.6
diff_p:0.727867 diff_q:0.63083 diff:1.3587 step15 L:30910.3
diff_p:0.695934 diff_q:0.605204 diff:1.30114 step16 L:30069.6
diff_p:0.667457 diff_q:0.583399 diff:1.25086 step17 L:29292.2
diff_p:0.641912 diff_q:0.564642 diff:1.20655 step18 L:28568.4
diff_p:0.618881 diff_q:0.548345 diff:1.16723 step19 L:27890.6
diff_p:0.59802 diff_q:0.534053 diff:1.13207 step20 L:27252.5
diff_p:0.579046 diff_q:0.521411 diff:1.10046 step21 L:26649.1
diff_p:0.561719 diff_q:0.510138 diff:1.07186 step22 L:26076.1
diff_p:0.545838 diff_q:0.500007 diff:1.04585 step23 L:25530.1
diff_p:0.53123 diff_q:0.490836 diff:1.02207 step24 L:25008.1
diff_p:0.517744 diff_q:0.482474 diff:1.00022 step25 L:24507.7
diff_p:0.505253 diff_q:0.474795 diff:0.980048 step26 L:24026.7
diff_p:0.493642 diff_q:0.467695 diff:0.961338 step27 L:23563.4
diff_p:0.482813 diff_q:0.461087 diff:0.943899 step28 L:23116.3
diff_p:0.472677 diff_q:0.454894 diff:0.927572 step29 L:22684
diff_p:0.463159 diff_q:0.449055 diff:0.912214 step30 L:22265.4
diff_p:0.454191 diff_q:0.443514 diff:0.897704 step31 L:21859.5
diff_p:0.445711 diff_q:0.438225 diff:0.883937 step32 L:21465.6
diff_p:0.437669 diff_q:0.433149 diff:0.870818 step33 L:21082.7
diff_p:0.430016 diff_q:0.428252 diff:0.858268 step34 L:20710.4
diff_p:0.422712 diff_q:0.423505 diff:0.846217 step35 L:20348.1
diff_p:0.41572 diff_q:0.418884 diff:0.834603 step36 L:19995.2
diff_p:0.409008 diff_q:0.414368 diff:0.823376 step37 L:19651.4
diff_p:0.402549 diff_q:0.409939 diff:0.812488 step38 L:19316.2
diff_p:0.396318 diff_q:0.405585 diff:0.801902 step39 L:18989.4
diff_p:0.390293 diff_q:0.401292 diff:0.791584 step40 L:18670.5
diff_p:0.384456 diff_q:0.397051 diff:0.781507 step41 L:18359.4
diff_p:0.378791 diff_q:0.392854 diff:0.771645 step42 L:18055.8
diff_p:0.373284 diff_q:0.388697 diff:0.761981 step43 L:17759.4
diff_p:0.367923 diff_q:0.384573 diff:0.752495 step44 L:17470
diff_p:0.362696 diff_q:0.38048 diff:0.743176 step45 L:17187.5
diff_p:0.357597 diff_q:0.376415 diff:0.734011 step46 L:16911.7
diff_p:0.352615 diff_q:0.372376 diff:0.724992 step47 L:16642.3
diff_p:0.347746 diff_q:0.368364 diff:0.71611 step48 L:16379.2
diff_p:0.342982 diff_q:0.364378 diff:0.70736 step49 L:16122.3
diff_p:0.33832 diff_q:0.360417 diff:0.698737 step50 L:15871.4
error = 15933.4, step = 50
roctxtFile successfully  renamed
/home/af20036/seminar/codes/../../RESULT/MF/MF_movie100k40000/48_0.01_0.001/ROC/choice/MFROC40000_1sort.txt
MF: initial setting 0
diff_p:32.9736 diff_q:32.2406 diff:65.2142 step0 L:175141
diff_p:5.0858 diff_q:6.30535 diff:11.3911 step1 L:105113
diff_p:3.15701 diff_q:3.93166 diff:7.08867 step2 L:77356.6
diff_p:2.33388 diff_q:2.7721 diff:5.10598 step3 L:63260.9
diff_p:1.87533 diff_q:2.11113 diff:3.98645 step4 L:54899.5
diff_p:1.58608 diff_q:1.69739 diff:3.28347 step5 L:49349.1
diff_p:1.38698 diff_q:1.41796 diff:2.80493 step6 L:45359.1
diff_p:1.2408 diff_q:1.21859 diff:2.45939 step7 L:42321
diff_p:1.12817 diff_q:1.07088 diff:2.19906 step8 L:39906.2
diff_p:1.03817 diff_q:0.958496 diff:1.99667 step9 L:37921.8
diff_p:0.964215 diff_q:0.871263 diff:1.83548 step10 L:36247.7
diff_p:0.902103 diff_q:0.80244 diff:1.70454 step11 L:34805
diff_p:0.849048 diff_q:0.747351 diff:1.5964 step12 L:33539.8
diff_p:0.803114 diff_q:0.702653 diff:1.50577 step13 L:32414.1
diff_p:0.762914 diff_q:0.665913 diff:1.42883 step14 L:31400.2
diff_p:0.72742 diff_q:0.635334 diff:1.36275 step15 L:30477.5
diff_p:0.695852 diff_q:0.609575 diff:1.30543 step16 L:29630.4
diff_p:0.667602 diff_q:0.587625 diff:1.25523 step17 L:28846.8
diff_p:0.642184 diff_q:0.568719 diff:1.2109 step18 L:28117.1
diff_p:0.619206 diff_q:0.552266 diff:1.17147 step19 L:27433.8
diff_p:0.598344 diff_q:0.537811 diff:1.13615 step20 L:26790.5
diff_p:0.579326 diff_q:0.524995 diff:1.10432 step21 L:26182.3
diff_p:0.561925 diff_q:0.513535 diff:1.07546 step22 L:25605
diff_p:0.545942 diff_q:0.503201 diff:1.04914 step23 L:25055.1
diff_p:0.531211 diff_q:0.493808 diff:1.02502 step24 L:24529.6
diff_p:0.517584 diff_q:0.485206 diff:1.00279 step25 L:24026.2
diff_p:0.504933 diff_q:0.477269 diff:0.982202 step26 L:23542.7
diff_p:0.493147 diff_q:0.469892 diff:0.963039 step27 L:23077.5
diff_p:0.482127 diff_q:0.462988 diff:0.945115 step28 L:22628.8
diff_p:0.471788 diff_q:0.456483 diff:0.928271 step29 L:22195.6
diff_p:0.462052 diff_q:0.450316 diff:0.912369 step30 L:21776.5
diff_p:0.452854 diff_q:0.444434 diff:0.897288 step31 L:21370.7
diff_p:0.444134 diff_q:0.438793 diff:0.882927 step32 L:20977.4
diff_p:0.435841 diff_q:0.433355 diff:0.869196 step33 L:20595.8
diff_p:0.42793 diff_q:0.428088 diff:0.856018 step34 L:20225.2
diff_p:0.420361 diff_q:0.422967 diff:0.843328 step35 L:19865.1
diff_p:0.4131 diff_q:0.41797 diff:0.831069 step36 L:19515
diff_p:0.406116 diff_q:0.413078 diff:0.819193 step37 L:19174.5
diff_p:0.399384 diff_q:0.408277 diff:0.80766 step38 L:18843.1
diff_p:0.39288 diff_q:0.403554 diff:0.796435 step39 L:18520.5
diff_p:0.386587 diff_q:0.398902 diff:0.785489 step40 L:18206.4
diff_p:0.380487 diff_q:0.394311 diff:0.774798 step41 L:17900.5
diff_p:0.374566 diff_q:0.389778 diff:0.764343 step42 L:17602.4
diff_p:0.368811 diff_q:0.385296 diff:0.754107 step43 L:17312
diff_p:0.363212 diff_q:0.380865 diff:0.744077 step44 L:17029
diff_p:0.35776 diff_q:0.37648 diff:0.734241 step45 L:16753.1
diff_p:0.352448 diff_q:0.372143 diff:0.72459 step46 L:16484.2
diff_p:0.347267 diff_q:0.367851 diff:0.715118 step47 L:16222
diff_p:0.342213 diff_q:0.363605 diff:0.705818 step48 L:15966.4
diff_p:0.337281 diff_q:0.359405 diff:0.696685 step49 L:15717.1
diff_p:0.332464 diff_q:0.355251 diff:0.687716 step50 L:15473.9
error = 15536.2, step = 50
MF: initial setting 1
diff_p:33.2769 diff_q:32.2492 diff:65.5261 step0 L:177486
diff_p:5.10241 diff_q:6.33615 diff:11.4386 step1 L:107017
diff_p:3.17183 diff_q:3.96112 diff:7.13295 step2 L:78896
diff_p:2.35404 diff_q:2.80125 diff:5.15529 step3 L:64500.7
diff_p:1.89785 diff_q:2.13946 diff:4.03731 step4 L:55906.1
diff_p:1.60813 diff_q:1.72434 diff:3.33247 step5 L:50176.9
diff_p:1.40711 diff_q:1.44301 diff:2.85012 step6 L:46050
diff_p:1.25853 diff_q:1.24138 diff:2.49991 step7 L:42906.8
diff_p:1.14351 diff_q:1.09122 diff:2.23473 step8 L:40410.7
diff_p:1.05137 diff_q:0.976358 diff:2.02772 step9 L:38363.1
diff_p:0.975567 diff_q:0.886777 diff:1.86234 step10 L:36639.3
diff_p:0.911921 diff_q:0.815812 diff:1.72773 step11 L:35157.2
diff_p:0.857602 diff_q:0.758828 diff:1.61643 step12 L:33860.3
diff_p:0.810633 diff_q:0.712493 diff:1.52313 step13 L:32708.8
diff_p:0.769585 diff_q:0.674363 diff:1.44395 step14 L:31673.7
diff_p:0.733396 diff_q:0.642618 diff:1.37601 step15 L:30733.4
diff_p:0.701257 diff_q:0.615893 diff:1.31715 step16 L:29871.5
diff_p:0.672537 diff_q:0.593151 diff:1.26569 step17 L:29075.1
diff_p:0.646732 diff_q:0.573603 diff:1.22034 step18 L:28334.4
diff_p:0.623437 diff_q:0.556637 diff:1.18007 step19 L:27641.3
diff_p:0.602317 diff_q:0.54178 diff:1.1441 step20 L:26989.3
diff_p:0.583092 diff_q:0.528656 diff:1.11175 step21 L:26373.2
diff_p:0.565527 diff_q:0.51697 diff:1.0825 step22 L:25788.6
diff_p:0.54942 diff_q:0.506482 diff:1.0559 step23 L:25231.8
diff_p:0.534599 diff_q:0.496996 diff:1.0316 step24 L:24699.8
diff_p:0.520912 diff_q:0.488355 diff:1.00927 step25 L:24190.2
diff_p:0.50823 diff_q:0.480424 diff:0.988654 step26 L:23700.6
diff_p:0.496438 diff_q:0.473092 diff:0.96953 step27 L:23229.2
diff_p:0.485434 diff_q:0.466267 diff:0.951701 step28 L:22774.5
diff_p:0.47513 diff_q:0.45987 diff:0.935 step29 L:22335.1
diff_p:0.465446 diff_q:0.453833 diff:0.919279 step30 L:21909.9
diff_p:0.456314 diff_q:0.448099 diff:0.904413 step31 L:21497.9
diff_p:0.447672 diff_q:0.442619 diff:0.890291 step32 L:21098.1
